Analysis & Synthesis report for ex9_top
Wed Dec 14 18:45:25 2016
Quartus Prime Version 16.1.0 Build 196 10/24/2016 SJ Lite Edition


---------------------
; Table of Contents ;
---------------------
  1. Legal Notice
  2. Analysis & Synthesis Summary
  3. Analysis & Synthesis Settings
  4. Parallel Compilation
  5. Analysis & Synthesis Source Files Read
  6. Analysis & Synthesis Resource Usage Summary
  7. Analysis & Synthesis Resource Utilization by Entity
  8. State Machine - |ex9_top|delay:delay1|state
  9. State Machine - |ex9_top|fsm:fsm1|state
 10. Registers Removed During Synthesis
 11. General Register Statistics
 12. Inverted Register Statistics
 13. Multiplexer Restructuring Statistics (Restructuring Performed)
 14. Parameter Settings for User Entity Instance: clk_tick50000:clk1
 15. Parameter Settings for User Entity Instance: clk_tick2500:clk2
 16. Parameter Settings for User Entity Instance: delay:delay1
 17. Port Connectivity Checks: "hex_to_7seg:SEG4"
 18. Port Connectivity Checks: "hex_to_7seg:SEG3"
 19. Port Connectivity Checks: "hex_to_7seg:SEG2"
 20. Port Connectivity Checks: "hex_to_7seg:SEG1"
 21. Port Connectivity Checks: "hex_to_7seg:SEG0"
 22. Port Connectivity Checks: "bin2bcd_16:converter|add3_ge5:A31"
 23. Port Connectivity Checks: "bin2bcd_16:converter|add3_ge5:A19"
 24. Port Connectivity Checks: "bin2bcd_16:converter|add3_ge5:A10"
 25. Port Connectivity Checks: "bin2bcd_16:converter|add3_ge5:A4"
 26. Port Connectivity Checks: "bin2bcd_16:converter|add3_ge5:A1"
 27. Port Connectivity Checks: "bin2bcd_16:converter"
 28. Post-Synthesis Netlist Statistics for Top Partition
 29. Elapsed Time Per Partition
 30. Analysis & Synthesis Messages
 31. Analysis & Synthesis Suppressed Messages



----------------
; Legal Notice ;
----------------
Copyright (C) 2016  Intel Corporation. All rights reserved.
Your use of Intel Corporation's design tools, logic functions 
and other software and tools, and its AMPP partner logic 
functions, and any output files from any of the foregoing 
(including device programming or simulation files), and any 
associated documentation or information are expressly subject 
to the terms and conditions of the Intel Program License 
Subscription Agreement, the Intel Quartus Prime License Agreement,
the Intel MegaCore Function License Agreement, or other 
applicable license agreement, including, without limitation, 
that your use is for the sole purpose of programming logic 
devices manufactured by Intel and sold by Intel or its 
authorized distributors.  Please refer to the applicable 
agreement for further details.



+-------------------------------------------------------------------------------+
; Analysis & Synthesis Summary                                                  ;
+---------------------------------+---------------------------------------------+
; Analysis & Synthesis Status     ; Successful - Wed Dec 14 18:45:25 2016       ;
; Quartus Prime Version           ; 16.1.0 Build 196 10/24/2016 SJ Lite Edition ;
; Revision Name                   ; ex9_top                                     ;
; Top-level Entity Name           ; ex9_top                                     ;
; Family                          ; Cyclone V                                   ;
; Logic utilization (in ALMs)     ; N/A                                         ;
; Total registers                 ; 86                                          ;
; Total pins                      ; 50                                          ;
; Total virtual pins              ; 0                                           ;
; Total block memory bits         ; 0                                           ;
; Total DSP Blocks                ; 0                                           ;
; Total HSSI RX PCSs              ; 0                                           ;
; Total HSSI PMA RX Deserializers ; 0                                           ;
; Total HSSI TX PCSs              ; 0                                           ;
; Total HSSI PMA TX Serializers   ; 0                                           ;
; Total PLLs                      ; 0                                           ;
; Total DLLs                      ; 0                                           ;
+---------------------------------+---------------------------------------------+


+---------------------------------------------------------------------------------------------------------------------------+
; Analysis & Synthesis Settings                                                                                             ;
+---------------------------------------------------------------------------------+--------------------+--------------------+
; Option                                                                          ; Setting            ; Default Value      ;
+---------------------------------------------------------------------------------+--------------------+--------------------+
; Device                                                                          ; 5CSEMA5F31C6       ;                    ;
; Top-level entity name                                                           ; ex9_top            ; ex9_top            ;
; Family name                                                                     ; Cyclone V          ; Cyclone V          ;
; Use smart compilation                                                           ; Off                ; Off                ;
; Enable parallel Assembler and TimeQuest Timing Analyzer during compilation      ; On                 ; On                 ;
; Enable compact report table                                                     ; Off                ; Off                ;
; Restructure Multiplexers                                                        ; Auto               ; Auto               ;
; MLAB Add Timing Constraints For Mixed-Port Feed-Through Mode Setting Don't Care ; Off                ; Off                ;
; Create Debugging Nodes for IP Cores                                             ; Off                ; Off                ;
; Preserve fewer node names                                                       ; On                 ; On                 ;
; OpenCore Plus hardware evaluation                                               ; Enable             ; Enable             ;
; Verilog Version                                                                 ; Verilog_2001       ; Verilog_2001       ;
; VHDL Version                                                                    ; VHDL_1993          ; VHDL_1993          ;
; State Machine Processing                                                        ; Auto               ; Auto               ;
; Safe State Machine                                                              ; Off                ; Off                ;
; Extract Verilog State Machines                                                  ; On                 ; On                 ;
; Extract VHDL State Machines                                                     ; On                 ; On                 ;
; Ignore Verilog initial constructs                                               ; Off                ; Off                ;
; Iteration limit for constant Verilog loops                                      ; 5000               ; 5000               ;
; Iteration limit for non-constant Verilog loops                                  ; 250                ; 250                ;
; Add Pass-Through Logic to Inferred RAMs                                         ; On                 ; On                 ;
; Infer RAMs from Raw Logic                                                       ; On                 ; On                 ;
; Parallel Synthesis                                                              ; On                 ; On                 ;
; DSP Block Balancing                                                             ; Auto               ; Auto               ;
; NOT Gate Push-Back                                                              ; On                 ; On                 ;
; Power-Up Don't Care                                                             ; On                 ; On                 ;
; Remove Redundant Logic Cells                                                    ; Off                ; Off                ;
; Remove Duplicate Registers                                                      ; On                 ; On                 ;
; Ignore CARRY Buffers                                                            ; Off                ; Off                ;
; Ignore CASCADE Buffers                                                          ; Off                ; Off                ;
; Ignore GLOBAL Buffers                                                           ; Off                ; Off                ;
; Ignore ROW GLOBAL Buffers                                                       ; Off                ; Off                ;
; Ignore LCELL Buffers                                                            ; Off                ; Off                ;
; Ignore SOFT Buffers                                                             ; On                 ; On                 ;
; Limit AHDL Integers to 32 Bits                                                  ; Off                ; Off                ;
; Optimization Technique                                                          ; Balanced           ; Balanced           ;
; Carry Chain Length                                                              ; 70                 ; 70                 ;
; Auto Carry Chains                                                               ; On                 ; On                 ;
; Auto Open-Drain Pins                                                            ; On                 ; On                 ;
; Perform WYSIWYG Primitive Resynthesis                                           ; Off                ; Off                ;
; Auto ROM Replacement                                                            ; On                 ; On                 ;
; Auto RAM Replacement                                                            ; On                 ; On                 ;
; Auto DSP Block Replacement                                                      ; On                 ; On                 ;
; Auto Shift Register Replacement                                                 ; Auto               ; Auto               ;
; Allow Shift Register Merging across Hierarchies                                 ; Auto               ; Auto               ;
; Auto Clock Enable Replacement                                                   ; On                 ; On                 ;
; Strict RAM Replacement                                                          ; Off                ; Off                ;
; Allow Synchronous Control Signals                                               ; On                 ; On                 ;
; Force Use of Synchronous Clear Signals                                          ; Off                ; Off                ;
; Auto Resource Sharing                                                           ; Off                ; Off                ;
; Allow Any RAM Size For Recognition                                              ; Off                ; Off                ;
; Allow Any ROM Size For Recognition                                              ; Off                ; Off                ;
; Allow Any Shift Register Size For Recognition                                   ; Off                ; Off                ;
; Use LogicLock Constraints during Resource Balancing                             ; On                 ; On                 ;
; Ignore translate_off and synthesis_off directives                               ; Off                ; Off                ;
; Timing-Driven Synthesis                                                         ; On                 ; On                 ;
; Report Parameter Settings                                                       ; On                 ; On                 ;
; Report Source Assignments                                                       ; On                 ; On                 ;
; Report Connectivity Checks                                                      ; On                 ; On                 ;
; Ignore Maximum Fan-Out Assignments                                              ; Off                ; Off                ;
; Synchronization Register Chain Length                                           ; 3                  ; 3                  ;
; PowerPlay Power Optimization During Synthesis                                   ; Normal compilation ; Normal compilation ;
; HDL message level                                                               ; Level2             ; Level2             ;
; Suppress Register Optimization Related Messages                                 ; Off                ; Off                ;
; Number of Removed Registers Reported in Synthesis Report                        ; 5000               ; 5000               ;
; Number of Swept Nodes Reported in Synthesis Report                              ; 5000               ; 5000               ;
; Number of Inverted Registers Reported in Synthesis Report                       ; 100                ; 100                ;
; Clock MUX Protection                                                            ; On                 ; On                 ;
; Auto Gated Clock Conversion                                                     ; Off                ; Off                ;
; Block Design Naming                                                             ; Auto               ; Auto               ;
; SDC constraint protection                                                       ; Off                ; Off                ;
; Synthesis Effort                                                                ; Auto               ; Auto               ;
; Shift Register Replacement - Allow Asynchronous Clear Signal                    ; On                 ; On                 ;
; Pre-Mapping Resynthesis Optimization                                            ; Off                ; Off                ;
; Analysis & Synthesis Message Level                                              ; Medium             ; Medium             ;
; Disable Register Merging Across Hierarchies                                     ; Auto               ; Auto               ;
; Resource Aware Inference For Block RAM                                          ; On                 ; On                 ;
; Automatic Parallel Synthesis                                                    ; On                 ; On                 ;
; Partial Reconfiguration Bitstream ID                                            ; Off                ; Off                ;
+---------------------------------------------------------------------------------+--------------------+--------------------+


+------------------------------------------+
; Parallel Compilation                     ;
+----------------------------+-------------+
; Processors                 ; Number      ;
+----------------------------+-------------+
; Number detected on machine ; 4           ;
; Maximum allowed            ; 2           ;
;                            ;             ;
; Average used               ; 1.00        ;
; Maximum used               ; 2           ;
;                            ;             ;
; Usage by Processor         ; % Time Used ;
;     Processor 1            ; 100.0%      ;
;     Processor 2            ;   0.0%      ;
+----------------------------+-------------+


+--------------------------------------------------------------------------------------------------------------------------------------------------+
; Analysis & Synthesis Source Files Read                                                                                                           ;
+----------------------------------+-----------------+------------------------+----------------------------------------------------------+---------+
; File Name with User-Entered Path ; Used in Netlist ; File Type              ; File Name with Absolute Path                             ; Library ;
+----------------------------------+-----------------+------------------------+----------------------------------------------------------+---------+
; lfsr6.v                          ; yes             ; User Verilog HDL File  ; C:/Users/Rajan/Documents/Veri/part_2/ex9/lfsr6.v         ;         ;
; hex_to_7seg.v                    ; yes             ; User Verilog HDL File  ; C:/Users/Rajan/Documents/Veri/part_2/ex9/hex_to_7seg.v   ;         ;
; fsm.v                            ; yes             ; User Verilog HDL File  ; C:/Users/Rajan/Documents/Veri/part_2/ex9/fsm.v           ;         ;
; ex9_top.v                        ; yes             ; User Verilog HDL File  ; C:/Users/Rajan/Documents/Veri/part_2/ex9/ex9_top.v       ;         ;
; delay.v                          ; yes             ; User Verilog HDL File  ; C:/Users/Rajan/Documents/Veri/part_2/ex9/delay.v         ;         ;
; clk_tick50000.v                  ; yes             ; User Verilog HDL File  ; C:/Users/Rajan/Documents/Veri/part_2/ex9/clk_tick50000.v ;         ;
; clk_tick2500.v                   ; yes             ; User Verilog HDL File  ; C:/Users/Rajan/Documents/Veri/part_2/ex9/clk_tick2500.v  ;         ;
; bin2bcd_16.v                     ; yes             ; User Verilog HDL File  ; C:/Users/Rajan/Documents/Veri/part_2/ex9/bin2bcd_16.v    ;         ;
; add3_ge5.v                       ; yes             ; User Verilog HDL File  ; C:/Users/Rajan/Documents/Veri/part_2/ex9/add3_ge5.v      ;         ;
; rcounter.v                       ; yes             ; User Verilog HDL File  ; C:/Users/Rajan/Documents/Veri/part_2/ex9/rcounter.v      ;         ;
+----------------------------------+-----------------+------------------------+----------------------------------------------------------+---------+


+-----------------------------------------------------------------------+
; Analysis & Synthesis Resource Usage Summary                           ;
+---------------------------------------------+-------------------------+
; Resource                                    ; Usage                   ;
+---------------------------------------------+-------------------------+
; Estimate of Logic utilization (ALMs needed) ; 126                     ;
;                                             ;                         ;
; Combinational ALUT usage for logic          ; 232                     ;
;     -- 7 input functions                    ; 1                       ;
;     -- 6 input functions                    ; 17                      ;
;     -- 5 input functions                    ; 8                       ;
;     -- 4 input functions                    ; 114                     ;
;     -- <=3 input functions                  ; 92                      ;
;                                             ;                         ;
; Dedicated logic registers                   ; 86                      ;
;                                             ;                         ;
; I/O pins                                    ; 50                      ;
;                                             ;                         ;
; Total DSP Blocks                            ; 0                       ;
;                                             ;                         ;
; Maximum fan-out node                        ; clk_tick50000:clk1|tick ;
; Maximum fan-out                             ; 70                      ;
; Total fan-out                               ; 1168                    ;
; Average fan-out                             ; 2.79                    ;
+---------------------------------------------+-------------------------+


+-----------------------------------------------------------------------------------------------------------------------------------------------------------------------------------------------------------------+
; Analysis & Synthesis Resource Utilization by Entity                                                                                                                                                             ;
+----------------------------+---------------------+---------------------------+-------------------+------------+------+--------------+--------------------------------------------+---------------+--------------+
; Compilation Hierarchy Node ; Combinational ALUTs ; Dedicated Logic Registers ; Block Memory Bits ; DSP Blocks ; Pins ; Virtual Pins ; Full Hierarchy Name                        ; Entity Name   ; Library Name ;
+----------------------------+---------------------+---------------------------+-------------------+------------+------+--------------+--------------------------------------------+---------------+--------------+
; |ex9_top                   ; 232 (1)             ; 86 (0)                    ; 0                 ; 0          ; 50   ; 0            ; |ex9_top                                   ; ex9_top       ; work         ;
;    |bin2bcd_16:converter|  ; 97 (0)              ; 0 (0)                     ; 0                 ; 0          ; 0    ; 0            ; |ex9_top|bin2bcd_16:converter              ; bin2bcd_16    ; work         ;
;       |add3_ge5:A11|       ; 4 (4)               ; 0 (0)                     ; 0                 ; 0          ; 0    ; 0            ; |ex9_top|bin2bcd_16:converter|add3_ge5:A11 ; add3_ge5      ; work         ;
;       |add3_ge5:A12|       ; 4 (4)               ; 0 (0)                     ; 0                 ; 0          ; 0    ; 0            ; |ex9_top|bin2bcd_16:converter|add3_ge5:A12 ; add3_ge5      ; work         ;
;       |add3_ge5:A14|       ; 4 (4)               ; 0 (0)                     ; 0                 ; 0          ; 0    ; 0            ; |ex9_top|bin2bcd_16:converter|add3_ge5:A14 ; add3_ge5      ; work         ;
;       |add3_ge5:A15|       ; 4 (4)               ; 0 (0)                     ; 0                 ; 0          ; 0    ; 0            ; |ex9_top|bin2bcd_16:converter|add3_ge5:A15 ; add3_ge5      ; work         ;
;       |add3_ge5:A16|       ; 1 (1)               ; 0 (0)                     ; 0                 ; 0          ; 0    ; 0            ; |ex9_top|bin2bcd_16:converter|add3_ge5:A16 ; add3_ge5      ; work         ;
;       |add3_ge5:A17|       ; 4 (4)               ; 0 (0)                     ; 0                 ; 0          ; 0    ; 0            ; |ex9_top|bin2bcd_16:converter|add3_ge5:A17 ; add3_ge5      ; work         ;
;       |add3_ge5:A18|       ; 4 (4)               ; 0 (0)                     ; 0                 ; 0          ; 0    ; 0            ; |ex9_top|bin2bcd_16:converter|add3_ge5:A18 ; add3_ge5      ; work         ;
;       |add3_ge5:A20|       ; 4 (4)               ; 0 (0)                     ; 0                 ; 0          ; 0    ; 0            ; |ex9_top|bin2bcd_16:converter|add3_ge5:A20 ; add3_ge5      ; work         ;
;       |add3_ge5:A21|       ; 4 (4)               ; 0 (0)                     ; 0                 ; 0          ; 0    ; 0            ; |ex9_top|bin2bcd_16:converter|add3_ge5:A21 ; add3_ge5      ; work         ;
;       |add3_ge5:A22|       ; 4 (4)               ; 0 (0)                     ; 0                 ; 0          ; 0    ; 0            ; |ex9_top|bin2bcd_16:converter|add3_ge5:A22 ; add3_ge5      ; work         ;
;       |add3_ge5:A24|       ; 4 (4)               ; 0 (0)                     ; 0                 ; 0          ; 0    ; 0            ; |ex9_top|bin2bcd_16:converter|add3_ge5:A24 ; add3_ge5      ; work         ;
;       |add3_ge5:A25|       ; 4 (4)               ; 0 (0)                     ; 0                 ; 0          ; 0    ; 0            ; |ex9_top|bin2bcd_16:converter|add3_ge5:A25 ; add3_ge5      ; work         ;
;       |add3_ge5:A26|       ; 4 (4)               ; 0 (0)                     ; 0                 ; 0          ; 0    ; 0            ; |ex9_top|bin2bcd_16:converter|add3_ge5:A26 ; add3_ge5      ; work         ;
;       |add3_ge5:A27|       ; 1 (1)               ; 0 (0)                     ; 0                 ; 0          ; 0    ; 0            ; |ex9_top|bin2bcd_16:converter|add3_ge5:A27 ; add3_ge5      ; work         ;
;       |add3_ge5:A28|       ; 4 (4)               ; 0 (0)                     ; 0                 ; 0          ; 0    ; 0            ; |ex9_top|bin2bcd_16:converter|add3_ge5:A28 ; add3_ge5      ; work         ;
;       |add3_ge5:A29|       ; 4 (4)               ; 0 (0)                     ; 0                 ; 0          ; 0    ; 0            ; |ex9_top|bin2bcd_16:converter|add3_ge5:A29 ; add3_ge5      ; work         ;
;       |add3_ge5:A30|       ; 4 (4)               ; 0 (0)                     ; 0                 ; 0          ; 0    ; 0            ; |ex9_top|bin2bcd_16:converter|add3_ge5:A30 ; add3_ge5      ; work         ;
;       |add3_ge5:A32|       ; 9 (9)               ; 0 (0)                     ; 0                 ; 0          ; 0    ; 0            ; |ex9_top|bin2bcd_16:converter|add3_ge5:A32 ; add3_ge5      ; work         ;
;       |add3_ge5:A33|       ; 4 (4)               ; 0 (0)                     ; 0                 ; 0          ; 0    ; 0            ; |ex9_top|bin2bcd_16:converter|add3_ge5:A33 ; add3_ge5      ; work         ;
;       |add3_ge5:A34|       ; 4 (4)               ; 0 (0)                     ; 0                 ; 0          ; 0    ; 0            ; |ex9_top|bin2bcd_16:converter|add3_ge5:A34 ; add3_ge5      ; work         ;
;       |add3_ge5:A35|       ; 4 (4)               ; 0 (0)                     ; 0                 ; 0          ; 0    ; 0            ; |ex9_top|bin2bcd_16:converter|add3_ge5:A35 ; add3_ge5      ; work         ;
;       |add3_ge5:A3|        ; 1 (1)               ; 0 (0)                     ; 0                 ; 0          ; 0    ; 0            ; |ex9_top|bin2bcd_16:converter|add3_ge5:A3  ; add3_ge5      ; work         ;
;       |add3_ge5:A5|        ; 4 (4)               ; 0 (0)                     ; 0                 ; 0          ; 0    ; 0            ; |ex9_top|bin2bcd_16:converter|add3_ge5:A5  ; add3_ge5      ; work         ;
;       |add3_ge5:A7|        ; 4 (4)               ; 0 (0)                     ; 0                 ; 0          ; 0    ; 0            ; |ex9_top|bin2bcd_16:converter|add3_ge5:A7  ; add3_ge5      ; work         ;
;       |add3_ge5:A8|        ; 1 (1)               ; 0 (0)                     ; 0                 ; 0          ; 0    ; 0            ; |ex9_top|bin2bcd_16:converter|add3_ge5:A8  ; add3_ge5      ; work         ;
;       |add3_ge5:A9|        ; 4 (4)               ; 0 (0)                     ; 0                 ; 0          ; 0    ; 0            ; |ex9_top|bin2bcd_16:converter|add3_ge5:A9  ; add3_ge5      ; work         ;
;    |clk_tick2500:clk2|     ; 12 (12)             ; 10 (10)                   ; 0                 ; 0          ; 0    ; 0            ; |ex9_top|clk_tick2500:clk2                 ; clk_tick2500  ; work         ;
;    |clk_tick50000:clk1|    ; 20 (20)             ; 17 (17)                   ; 0                 ; 0          ; 0    ; 0            ; |ex9_top|clk_tick50000:clk1                ; clk_tick50000 ; work         ;
;    |delay:delay1|          ; 37 (37)             ; 18 (18)                   ; 0                 ; 0          ; 0    ; 0            ; |ex9_top|delay:delay1                      ; delay         ; work         ;
;    |fsm:fsm1|              ; 13 (13)             ; 12 (12)                   ; 0                 ; 0          ; 0    ; 0            ; |ex9_top|fsm:fsm1                          ; fsm           ; work         ;
;    |hex_to_7seg:SEG0|      ; 7 (7)               ; 0 (0)                     ; 0                 ; 0          ; 0    ; 0            ; |ex9_top|hex_to_7seg:SEG0                  ; hex_to_7seg   ; work         ;
;    |hex_to_7seg:SEG1|      ; 7 (7)               ; 0 (0)                     ; 0                 ; 0          ; 0    ; 0            ; |ex9_top|hex_to_7seg:SEG1                  ; hex_to_7seg   ; work         ;
;    |hex_to_7seg:SEG2|      ; 7 (7)               ; 0 (0)                     ; 0                 ; 0          ; 0    ; 0            ; |ex9_top|hex_to_7seg:SEG2                  ; hex_to_7seg   ; work         ;
;    |hex_to_7seg:SEG3|      ; 7 (7)               ; 0 (0)                     ; 0                 ; 0          ; 0    ; 0            ; |ex9_top|hex_to_7seg:SEG3                  ; hex_to_7seg   ; work         ;
;    |hex_to_7seg:SEG4|      ; 3 (3)               ; 0 (0)                     ; 0                 ; 0          ; 0    ; 0            ; |ex9_top|hex_to_7seg:SEG4                  ; hex_to_7seg   ; work         ;
;    |lfsr6:lfsr1|           ; 5 (5)               ; 14 (14)                   ; 0                 ; 0          ; 0    ; 0            ; |ex9_top|lfsr6:lfsr1                       ; lfsr6         ; work         ;
;    |rcounter:rc1|          ; 16 (16)             ; 15 (15)                   ; 0                 ; 0          ; 0    ; 0            ; |ex9_top|rcounter:rc1                      ; rcounter      ; work         ;
+----------------------------+---------------------+---------------------------+-------------------+------------+------+--------------+--------------------------------------------+---------------+--------------+
Note: For table entries with two numbers listed, the numbers in parentheses indicate the number of resources of the given type used by the specific entity alone. The numbers listed outside of parentheses indicate the total resources of the given type used by the specific entity and all of its sub-entities in the hierarchy.


Encoding Type:  One-Hot
+--------------------------------------------------------------------------------+
; State Machine - |ex9_top|delay:delay1|state                                    ;
+----------------+----------------+----------------+----------------+------------+
; Name           ; state.WAIT_LOW ; state.TIME_OUT ; state.COUNTING ; state.IDLE ;
+----------------+----------------+----------------+----------------+------------+
; state.IDLE     ; 0              ; 0              ; 0              ; 0          ;
; state.COUNTING ; 0              ; 0              ; 1              ; 1          ;
; state.TIME_OUT ; 0              ; 1              ; 0              ; 1          ;
; state.WAIT_LOW ; 1              ; 0              ; 0              ; 1          ;
+----------------+----------------+----------------+----------------+------------+


Encoding Type:  One-Hot
+-----------------------------------------------------------------------------------------------------------------------------------------------------------+
; State Machine - |ex9_top|fsm:fsm1|state                                                                                                                   ;
+------------+------------+------------+------------+------------+------------+------------+------------+------------+------------+------------+------------+
; Name       ; state.1010 ; state.1001 ; state.1000 ; state.0111 ; state.0110 ; state.0101 ; state.0100 ; state.0011 ; state.0010 ; state.0001 ; state.0000 ;
+------------+------------+------------+------------+------------+------------+------------+------------+------------+------------+------------+------------+
; state.0000 ; 0          ; 0          ; 0          ; 0          ; 0          ; 0          ; 0          ; 0          ; 0          ; 0          ; 0          ;
; state.0001 ; 0          ; 0          ; 0          ; 0          ; 0          ; 0          ; 0          ; 0          ; 0          ; 1          ; 1          ;
; state.0010 ; 0          ; 0          ; 0          ; 0          ; 0          ; 0          ; 0          ; 0          ; 1          ; 0          ; 1          ;
; state.0011 ; 0          ; 0          ; 0          ; 0          ; 0          ; 0          ; 0          ; 1          ; 0          ; 0          ; 1          ;
; state.0100 ; 0          ; 0          ; 0          ; 0          ; 0          ; 0          ; 1          ; 0          ; 0          ; 0          ; 1          ;
; state.0101 ; 0          ; 0          ; 0          ; 0          ; 0          ; 1          ; 0          ; 0          ; 0          ; 0          ; 1          ;
; state.0110 ; 0          ; 0          ; 0          ; 0          ; 1          ; 0          ; 0          ; 0          ; 0          ; 0          ; 1          ;
; state.0111 ; 0          ; 0          ; 0          ; 1          ; 0          ; 0          ; 0          ; 0          ; 0          ; 0          ; 1          ;
; state.1000 ; 0          ; 0          ; 1          ; 0          ; 0          ; 0          ; 0          ; 0          ; 0          ; 0          ; 1          ;
; state.1001 ; 0          ; 1          ; 0          ; 0          ; 0          ; 0          ; 0          ; 0          ; 0          ; 0          ; 1          ;
; state.1010 ; 1          ; 0          ; 0          ; 0          ; 0          ; 0          ; 0          ; 0          ; 0          ; 0          ; 1          ;
+------------+------------+------------+------------+------------+------------+------------+------------+------------+------------+------------+------------+


+------------------------------------------------------------+
; Registers Removed During Synthesis                         ;
+---------------------------------------+--------------------+
; Register name                         ; Reason for Removal ;
+---------------------------------------+--------------------+
; delay:delay1|state~5                  ; Lost fanout        ;
; delay:delay1|state~6                  ; Lost fanout        ;
; fsm:fsm1|state~11                     ; Lost fanout        ;
; fsm:fsm1|state~12                     ; Lost fanout        ;
; fsm:fsm1|state~13                     ; Lost fanout        ;
; fsm:fsm1|state~14                     ; Lost fanout        ;
; Total Number of Removed Registers = 6 ;                    ;
+---------------------------------------+--------------------+


+------------------------------------------------------+
; General Register Statistics                          ;
+----------------------------------------------+-------+
; Statistic                                    ; Value ;
+----------------------------------------------+-------+
; Total registers                              ; 86    ;
; Number of registers using Synchronous Clear  ; 25    ;
; Number of registers using Synchronous Load   ; 15    ;
; Number of registers using Asynchronous Clear ; 0     ;
; Number of registers using Asynchronous Load  ; 0     ;
; Number of registers using Clock Enable       ; 60    ;
; Number of registers using Preset             ; 0     ;
+----------------------------------------------+-------+


+--------------------------------------------------+
; Inverted Register Statistics                     ;
+----------------------------------------+---------+
; Inverted Register                      ; Fan out ;
+----------------------------------------+---------+
; lfsr6:lfsr1|sreg[5]                    ; 2       ;
; lfsr6:lfsr1|sreg[4]                    ; 2       ;
; lfsr6:lfsr1|sreg[2]                    ; 2       ;
; lfsr6:lfsr1|sreg[6]                    ; 3       ;
; lfsr6:lfsr1|sreg[7]                    ; 2       ;
; lfsr6:lfsr1|sreg[8]                    ; 2       ;
; Total number of inverted registers = 6 ;         ;
+----------------------------------------+---------+


+---------------------------------------------------------------------------------------------------------------------------------------------------+
; Multiplexer Restructuring Statistics (Restructuring Performed)                                                                                    ;
+--------------------+-----------+---------------+----------------------+------------------------+------------+-------------------------------------+
; Multiplexer Inputs ; Bus Width ; Baseline Area ; Area if Restructured ; Saving if Restructured ; Registered ; Example Multiplexer Output          ;
+--------------------+-----------+---------------+----------------------+------------------------+------------+-------------------------------------+
; 3:1                ; 9 bits    ; 18 LEs        ; 0 LEs                ; 18 LEs                 ; Yes        ; |ex9_top|clk_tick2500:clk2|count[4] ;
; 7:1                ; 2 bits    ; 8 LEs         ; 6 LEs                ; 2 LEs                  ; No         ; |ex9_top|delay:delay1|Selector2     ;
; 7:1                ; 2 bits    ; 8 LEs         ; 4 LEs                ; 4 LEs                  ; No         ; |ex9_top|delay:delay1|Selector3     ;
; 6:1                ; 2 bits    ; 8 LEs         ; 4 LEs                ; 4 LEs                  ; No         ; |ex9_top|fsm:fsm1|Selector1         ;
+--------------------+-----------+---------------+----------------------+------------------------+------------+-------------------------------------+


+-----------------------------------------------------------------+
; Parameter Settings for User Entity Instance: clk_tick50000:clk1 ;
+----------------+-------+----------------------------------------+
; Parameter Name ; Value ; Type                                   ;
+----------------+-------+----------------------------------------+
; BIT_SZ         ; 16    ; Signed Integer                         ;
+----------------+-------+----------------------------------------+
Note: In order to hide this table in the UI and the text report file, please set the "Show Parameter Settings in Synthesis Report" option in "Analysis and Synthesis Settings -> More Settings" to "Off".


+----------------------------------------------------------------+
; Parameter Settings for User Entity Instance: clk_tick2500:clk2 ;
+----------------+-------+---------------------------------------+
; Parameter Name ; Value ; Type                                  ;
+----------------+-------+---------------------------------------+
; BIT_SZ         ; 9     ; Signed Integer                        ;
+----------------+-------+---------------------------------------+
Note: In order to hide this table in the UI and the text report file, please set the "Show Parameter Settings in Synthesis Report" option in "Analysis and Synthesis Settings -> More Settings" to "Off".


+-----------------------------------------------------------+
; Parameter Settings for User Entity Instance: delay:delay1 ;
+----------------+-------+----------------------------------+
; Parameter Name ; Value ; Type                             ;
+----------------+-------+----------------------------------+
; BIT_SZ         ; 14    ; Signed Integer                   ;
; IDLE           ; 00    ; Unsigned Binary                  ;
; COUNTING       ; 01    ; Unsigned Binary                  ;
; TIME_OUT       ; 10    ; Unsigned Binary                  ;
; WAIT_LOW       ; 11    ; Unsigned Binary                  ;
+----------------+-------+----------------------------------+
Note: In order to hide this table in the UI and the text report file, please set the "Show Parameter Settings in Synthesis Report" option in "Analysis and Synthesis Settings -> More Settings" to "Off".


+------------------------------------------------------------------------------------------------------------------------------------------------------------------------------------------------------------+
; Port Connectivity Checks: "hex_to_7seg:SEG4"                                                                                                                                                               ;
+------+-------+----------+----------------------------------------------------------------------------------------------------------------------------------------------------------------------------------+
; Port ; Type  ; Severity ; Details                                                                                                                                                                          ;
+------+-------+----------+----------------------------------------------------------------------------------------------------------------------------------------------------------------------------------+
; in   ; Input ; Warning  ; Input port expression (5 bits) is wider than the input port (4 bits) it drives.  The 1 most-significant bit(s) in the expression will be dangling if they have no other fanouts. ;
+------+-------+----------+----------------------------------------------------------------------------------------------------------------------------------------------------------------------------------+


+------------------------------------------------------------------------------------------------------------------------------------------------------------------------------------------------------------+
; Port Connectivity Checks: "hex_to_7seg:SEG3"                                                                                                                                                               ;
+------+-------+----------+----------------------------------------------------------------------------------------------------------------------------------------------------------------------------------+
; Port ; Type  ; Severity ; Details                                                                                                                                                                          ;
+------+-------+----------+----------------------------------------------------------------------------------------------------------------------------------------------------------------------------------+
; in   ; Input ; Warning  ; Input port expression (5 bits) is wider than the input port (4 bits) it drives.  The 1 most-significant bit(s) in the expression will be dangling if they have no other fanouts. ;
+------+-------+----------+----------------------------------------------------------------------------------------------------------------------------------------------------------------------------------+


+------------------------------------------------------------------------------------------------------------------------------------------------------------------------------------------------------------+
; Port Connectivity Checks: "hex_to_7seg:SEG2"                                                                                                                                                               ;
+------+-------+----------+----------------------------------------------------------------------------------------------------------------------------------------------------------------------------------+
; Port ; Type  ; Severity ; Details                                                                                                                                                                          ;
+------+-------+----------+----------------------------------------------------------------------------------------------------------------------------------------------------------------------------------+
; in   ; Input ; Warning  ; Input port expression (5 bits) is wider than the input port (4 bits) it drives.  The 1 most-significant bit(s) in the expression will be dangling if they have no other fanouts. ;
+------+-------+----------+----------------------------------------------------------------------------------------------------------------------------------------------------------------------------------+


+------------------------------------------------------------------------------------------------------------------------------------------------------------------------------------------------------------+
; Port Connectivity Checks: "hex_to_7seg:SEG1"                                                                                                                                                               ;
+------+-------+----------+----------------------------------------------------------------------------------------------------------------------------------------------------------------------------------+
; Port ; Type  ; Severity ; Details                                                                                                                                                                          ;
+------+-------+----------+----------------------------------------------------------------------------------------------------------------------------------------------------------------------------------+
; in   ; Input ; Warning  ; Input port expression (5 bits) is wider than the input port (4 bits) it drives.  The 1 most-significant bit(s) in the expression will be dangling if they have no other fanouts. ;
+------+-------+----------+----------------------------------------------------------------------------------------------------------------------------------------------------------------------------------+


+------------------------------------------------------------------------------------------------------------------------------------------------------------------------------------------------------------+
; Port Connectivity Checks: "hex_to_7seg:SEG0"                                                                                                                                                               ;
+------+-------+----------+----------------------------------------------------------------------------------------------------------------------------------------------------------------------------------+
; Port ; Type  ; Severity ; Details                                                                                                                                                                          ;
+------+-------+----------+----------------------------------------------------------------------------------------------------------------------------------------------------------------------------------+
; in   ; Input ; Warning  ; Input port expression (5 bits) is wider than the input port (4 bits) it drives.  The 1 most-significant bit(s) in the expression will be dangling if they have no other fanouts. ;
+------+-------+----------+----------------------------------------------------------------------------------------------------------------------------------------------------------------------------------+


+-----------------------------------------------------------------------------------------------------------------+
; Port Connectivity Checks: "bin2bcd_16:converter|add3_ge5:A31"                                                   ;
+-------+--------+----------+-------------------------------------------------------------------------------------+
; Port  ; Type   ; Severity ; Details                                                                             ;
+-------+--------+----------+-------------------------------------------------------------------------------------+
; iW[3] ; Input  ; Info     ; Stuck at GND                                                                        ;
; oA[3] ; Output ; Info     ; Connected to dangling logic. Logic that only feeds a dangling port will be removed. ;
+-------+--------+----------+-------------------------------------------------------------------------------------+


+---------------------------------------------------------------+
; Port Connectivity Checks: "bin2bcd_16:converter|add3_ge5:A19" ;
+-------+-------+----------+------------------------------------+
; Port  ; Type  ; Severity ; Details                            ;
+-------+-------+----------+------------------------------------+
; iW[3] ; Input ; Info     ; Stuck at GND                       ;
+-------+-------+----------+------------------------------------+


+---------------------------------------------------------------+
; Port Connectivity Checks: "bin2bcd_16:converter|add3_ge5:A10" ;
+-------+-------+----------+------------------------------------+
; Port  ; Type  ; Severity ; Details                            ;
+-------+-------+----------+------------------------------------+
; iW[3] ; Input ; Info     ; Stuck at GND                       ;
+-------+-------+----------+------------------------------------+


+--------------------------------------------------------------+
; Port Connectivity Checks: "bin2bcd_16:converter|add3_ge5:A4" ;
+-------+-------+----------+-----------------------------------+
; Port  ; Type  ; Severity ; Details                           ;
+-------+-------+----------+-----------------------------------+
; iW[3] ; Input ; Info     ; Stuck at GND                      ;
+-------+-------+----------+-----------------------------------+


+--------------------------------------------------------------+
; Port Connectivity Checks: "bin2bcd_16:converter|add3_ge5:A1" ;
+-------+-------+----------+-----------------------------------+
; Port  ; Type  ; Severity ; Details                           ;
+-------+-------+----------+-----------------------------------+
; iW[3] ; Input ; Info     ; Stuck at GND                      ;
+-------+-------+----------+-----------------------------------+


+---------------------------------------------------------------------------------------------------------------------------------------------------------------------------------------------------+
; Port Connectivity Checks: "bin2bcd_16:converter"                                                                                                                                                  ;
+-------+--------+----------+-----------------------------------------------------------------------------------------------------------------------------------------------------------------------+
; Port  ; Type   ; Severity ; Details                                                                                                                                                               ;
+-------+--------+----------+-----------------------------------------------------------------------------------------------------------------------------------------------------------------------+
; B     ; Input  ; Warning  ; Input port expression (14 bits) is smaller than the input port (16 bits) it drives.  Extra input bit(s) "B[15..14]" will be connected to GND.                         ;
; BCD_0 ; Output ; Warning  ; Output or bidir port (4 bits) is smaller than the port expression (5 bits) it drives.  The 1 most-significant bit(s) in the port expression will be connected to GND. ;
; BCD_1 ; Output ; Warning  ; Output or bidir port (4 bits) is smaller than the port expression (5 bits) it drives.  The 1 most-significant bit(s) in the port expression will be connected to GND. ;
; BCD_2 ; Output ; Warning  ; Output or bidir port (4 bits) is smaller than the port expression (5 bits) it drives.  The 1 most-significant bit(s) in the port expression will be connected to GND. ;
; BCD_3 ; Output ; Warning  ; Output or bidir port (4 bits) is smaller than the port expression (5 bits) it drives.  The 1 most-significant bit(s) in the port expression will be connected to GND. ;
; BCD_4 ; Output ; Warning  ; Output or bidir port (4 bits) is smaller than the port expression (5 bits) it drives.  The 1 most-significant bit(s) in the port expression will be connected to GND. ;
+-------+--------+----------+-----------------------------------------------------------------------------------------------------------------------------------------------------------------------+


+-----------------------------------------------------+
; Post-Synthesis Netlist Statistics for Top Partition ;
+-----------------------+-----------------------------+
; Type                  ; Count                       ;
+-----------------------+-----------------------------+
; arriav_ff             ; 86                          ;
;     ENA               ; 37                          ;
;     ENA SCLR          ; 9                           ;
;     ENA SLD           ; 14                          ;
;     SCLR              ; 16                          ;
;     SLD               ; 1                           ;
;     plain             ; 9                           ;
; arriav_lcell_comb     ; 254                         ;
;     arith             ; 66                          ;
;         1 data inputs ; 65                          ;
;         2 data inputs ; 1                           ;
;     extend            ; 1                           ;
;         7 data inputs ; 1                           ;
;     normal            ; 187                         ;
;         0 data inputs ; 1                           ;
;         1 data inputs ; 27                          ;
;         2 data inputs ; 11                          ;
;         3 data inputs ; 9                           ;
;         4 data inputs ; 114                         ;
;         5 data inputs ; 8                           ;
;         6 data inputs ; 17                          ;
; boundary_port         ; 50                          ;
;                       ;                             ;
; Max LUT depth         ; 13.00                       ;
; Average LUT depth     ; 5.84                        ;
+-----------------------+-----------------------------+


+-------------------------------+
; Elapsed Time Per Partition    ;
+----------------+--------------+
; Partition Name ; Elapsed Time ;
+----------------+--------------+
; Top            ; 00:00:01     ;
+----------------+--------------+


+-------------------------------+
; Analysis & Synthesis Messages ;
+-------------------------------+
Info: *******************************************************************
Info: Running Quartus Prime Analysis & Synthesis
    Info: Version 16.1.0 Build 196 10/24/2016 SJ Lite Edition
    Info: Processing started: Wed Dec 14 18:45:10 2016
Info: Command: quartus_map --read_settings_files=on --write_settings_files=off ex9 -c ex9_top
Warning (18236): Number of processors has not been specified which may cause overloading on shared machines.  Set the global assignment NUM_PARALLEL_PROCESSORS in your QSF to an appropriate value for best performance.
Info (20030): Parallel compilation is enabled and will use 2 of the 2 processors detected
Info (12021): Found 1 design units, including 1 entities, in source file lfsr6.v
    Info (12023): Found entity 1: lfsr6 File: C:/Users/Rajan/Documents/Veri/part_2/ex9/lfsr6.v Line: 1
Info (12021): Found 1 design units, including 1 entities, in source file hex_to_7seg.v
    Info (12023): Found entity 1: hex_to_7seg File: C:/Users/Rajan/Documents/Veri/part_2/ex9/hex_to_7seg.v Line: 1
Info (12021): Found 1 design units, including 1 entities, in source file fsm.v
    Info (12023): Found entity 1: fsm File: C:/Users/Rajan/Documents/Veri/part_2/ex9/fsm.v Line: 1
Info (12021): Found 1 design units, including 1 entities, in source file ex9_top.v
    Info (12023): Found entity 1: ex9_top File: C:/Users/Rajan/Documents/Veri/part_2/ex9/ex9_top.v Line: 1
Info (12021): Found 1 design units, including 1 entities, in source file delay.v
    Info (12023): Found entity 1: delay File: C:/Users/Rajan/Documents/Veri/part_2/ex9/delay.v Line: 1
Info (12021): Found 1 design units, including 1 entities, in source file clk_tick50000.v
    Info (12023): Found entity 1: clk_tick50000 File: C:/Users/Rajan/Documents/Veri/part_2/ex9/clk_tick50000.v Line: 3
Info (12021): Found 1 design units, including 1 entities, in source file clk_tick2500.v
    Info (12023): Found entity 1: clk_tick2500 File: C:/Users/Rajan/Documents/Veri/part_2/ex9/clk_tick2500.v Line: 3
Info (12021): Found 1 design units, including 1 entities, in source file bin2bcd_16.v
    Info (12023): Found entity 1: bin2bcd_16 File: C:/Users/Rajan/Documents/Veri/part_2/ex9/bin2bcd_16.v Line: 12
Info (12021): Found 1 design units, including 1 entities, in source file add3_ge5.v
    Info (12023): Found entity 1: add3_ge5 File: C:/Users/Rajan/Documents/Veri/part_2/ex9/add3_ge5.v Line: 9
Info (12021): Found 1 design units, including 1 entities, in source file rcounter.v
    Info (12023): Found entity 1: rcounter File: C:/Users/Rajan/Documents/Veri/part_2/ex9/rcounter.v Line: 1
Info (12127): Elaborating entity "ex9_top" for the top level hierarchy
Info (12128): Elaborating entity "clk_tick50000" for hierarchy "clk_tick50000:clk1" File: C:/Users/Rajan/Documents/Veri/part_2/ex9/ex9_top.v Line: 23
Info (12128): Elaborating entity "clk_tick2500" for hierarchy "clk_tick2500:clk2" File: C:/Users/Rajan/Documents/Veri/part_2/ex9/ex9_top.v Line: 24
Info (12128): Elaborating entity "fsm" for hierarchy "fsm:fsm1" File: C:/Users/Rajan/Documents/Veri/part_2/ex9/ex9_top.v Line: 25
Info (12128): Elaborating entity "rcounter" for hierarchy "rcounter:rc1" File: C:/Users/Rajan/Documents/Veri/part_2/ex9/ex9_top.v Line: 26
Warning (10230): Verilog HDL assignment warning at rcounter.v(22): truncated value with size 32 to match size of target (14) File: C:/Users/Rajan/Documents/Veri/part_2/ex9/rcounter.v Line: 22
Info (12128): Elaborating entity "lfsr6" for hierarchy "lfsr6:lfsr1" File: C:/Users/Rajan/Documents/Veri/part_2/ex9/ex9_top.v Line: 27
Info (12128): Elaborating entity "delay" for hierarchy "delay:delay1" File: C:/Users/Rajan/Documents/Veri/part_2/ex9/ex9_top.v Line: 28
Warning (10855): Verilog HDL warning at delay.v(22): initial value for variable count should be constant File: C:/Users/Rajan/Documents/Veri/part_2/ex9/delay.v Line: 22
Info (12128): Elaborating entity "bin2bcd_16" for hierarchy "bin2bcd_16:converter" File: C:/Users/Rajan/Documents/Veri/part_2/ex9/ex9_top.v Line: 29
Info (12128): Elaborating entity "add3_ge5" for hierarchy "bin2bcd_16:converter|add3_ge5:A1" File: C:/Users/Rajan/Documents/Veri/part_2/ex9/bin2bcd_16.v Line: 26
Info (12128): Elaborating entity "hex_to_7seg" for hierarchy "hex_to_7seg:SEG0" File: C:/Users/Rajan/Documents/Veri/part_2/ex9/ex9_top.v Line: 30
Warning (12011): Net is missing source, defaulting to GND
    Warning (12110): Net "BCD_0[4]" is missing source, defaulting to GND File: C:/Users/Rajan/Documents/Veri/part_2/ex9/ex9_top.v Line: 19
    Warning (12110): Net "BCD_1[4]" is missing source, defaulting to GND File: C:/Users/Rajan/Documents/Veri/part_2/ex9/ex9_top.v Line: 19
    Warning (12110): Net "BCD_2[4]" is missing source, defaulting to GND File: C:/Users/Rajan/Documents/Veri/part_2/ex9/ex9_top.v Line: 19
    Warning (12110): Net "BCD_3[4]" is missing source, defaulting to GND File: C:/Users/Rajan/Documents/Veri/part_2/ex9/ex9_top.v Line: 19
    Warning (12110): Net "BCD_4[4]" is missing source, defaulting to GND File: C:/Users/Rajan/Documents/Veri/part_2/ex9/ex9_top.v Line: 19
Warning (12011): Net is missing source, defaulting to GND
    Warning (12110): Net "BCD_0[4]" is missing source, defaulting to GND File: C:/Users/Rajan/Documents/Veri/part_2/ex9/ex9_top.v Line: 19
    Warning (12110): Net "BCD_1[4]" is missing source, defaulting to GND File: C:/Users/Rajan/Documents/Veri/part_2/ex9/ex9_top.v Line: 19
    Warning (12110): Net "BCD_2[4]" is missing source, defaulting to GND File: C:/Users/Rajan/Documents/Veri/part_2/ex9/ex9_top.v Line: 19
    Warning (12110): Net "BCD_3[4]" is missing source, defaulting to GND File: C:/Users/Rajan/Documents/Veri/part_2/ex9/ex9_top.v Line: 19
    Warning (12110): Net "BCD_4[4]" is missing source, defaulting to GND File: C:/Users/Rajan/Documents/Veri/part_2/ex9/ex9_top.v Line: 19
Warning (12011): Net is missing source, defaulting to GND
    Warning (12110): Net "BCD_0[4]" is missing source, defaulting to GND File: C:/Users/Rajan/Documents/Veri/part_2/ex9/ex9_top.v Line: 19
    Warning (12110): Net "BCD_1[4]" is missing source, defaulting to GND File: C:/Users/Rajan/Documents/Veri/part_2/ex9/ex9_top.v Line: 19
    Warning (12110): Net "BCD_2[4]" is missing source, defaulting to GND File: C:/Users/Rajan/Documents/Veri/part_2/ex9/ex9_top.v Line: 19
    Warning (12110): Net "BCD_3[4]" is missing source, defaulting to GND File: C:/Users/Rajan/Documents/Veri/part_2/ex9/ex9_top.v Line: 19
    Warning (12110): Net "BCD_4[4]" is missing source, defaulting to GND File: C:/Users/Rajan/Documents/Veri/part_2/ex9/ex9_top.v Line: 19
Warning (12011): Net is missing source, defaulting to GND
    Warning (12110): Net "BCD_0[4]" is missing source, defaulting to GND File: C:/Users/Rajan/Documents/Veri/part_2/ex9/ex9_top.v Line: 19
    Warning (12110): Net "BCD_1[4]" is missing source, defaulting to GND File: C:/Users/Rajan/Documents/Veri/part_2/ex9/ex9_top.v Line: 19
    Warning (12110): Net "BCD_2[4]" is missing source, defaulting to GND File: C:/Users/Rajan/Documents/Veri/part_2/ex9/ex9_top.v Line: 19
    Warning (12110): Net "BCD_3[4]" is missing source, defaulting to GND File: C:/Users/Rajan/Documents/Veri/part_2/ex9/ex9_top.v Line: 19
    Warning (12110): Net "BCD_4[4]" is missing source, defaulting to GND File: C:/Users/Rajan/Documents/Veri/part_2/ex9/ex9_top.v Line: 19
Warning (12011): Net is missing source, defaulting to GND
    Warning (12110): Net "BCD_0[4]" is missing source, defaulting to GND File: C:/Users/Rajan/Documents/Veri/part_2/ex9/ex9_top.v Line: 19
    Warning (12110): Net "BCD_1[4]" is missing source, defaulting to GND File: C:/Users/Rajan/Documents/Veri/part_2/ex9/ex9_top.v Line: 19
    Warning (12110): Net "BCD_2[4]" is missing source, defaulting to GND File: C:/Users/Rajan/Documents/Veri/part_2/ex9/ex9_top.v Line: 19
    Warning (12110): Net "BCD_3[4]" is missing source, defaulting to GND File: C:/Users/Rajan/Documents/Veri/part_2/ex9/ex9_top.v Line: 19
    Warning (12110): Net "BCD_4[4]" is missing source, defaulting to GND File: C:/Users/Rajan/Documents/Veri/part_2/ex9/ex9_top.v Line: 19
Warning (12011): Net is missing source, defaulting to GND
    Warning (12110): Net "BCD_0[4]" is missing source, defaulting to GND File: C:/Users/Rajan/Documents/Veri/part_2/ex9/ex9_top.v Line: 19
    Warning (12110): Net "BCD_1[4]" is missing source, defaulting to GND File: C:/Users/Rajan/Documents/Veri/part_2/ex9/ex9_top.v Line: 19
    Warning (12110): Net "BCD_2[4]" is missing source, defaulting to GND File: C:/Users/Rajan/Documents/Veri/part_2/ex9/ex9_top.v Line: 19
    Warning (12110): Net "BCD_3[4]" is missing source, defaulting to GND File: C:/Users/Rajan/Documents/Veri/part_2/ex9/ex9_top.v Line: 19
    Warning (12110): Net "BCD_4[4]" is missing source, defaulting to GND File: C:/Users/Rajan/Documents/Veri/part_2/ex9/ex9_top.v Line: 19
Warning (12011): Net is missing source, defaulting to GND
    Warning (12110): Net "BCD_0[4]" is missing source, defaulting to GND File: C:/Users/Rajan/Documents/Veri/part_2/ex9/ex9_top.v Line: 19
    Warning (12110): Net "BCD_1[4]" is missing source, defaulting to GND File: C:/Users/Rajan/Documents/Veri/part_2/ex9/ex9_top.v Line: 19
    Warning (12110): Net "BCD_2[4]" is missing source, defaulting to GND File: C:/Users/Rajan/Documents/Veri/part_2/ex9/ex9_top.v Line: 19
    Warning (12110): Net "BCD_3[4]" is missing source, defaulting to GND File: C:/Users/Rajan/Documents/Veri/part_2/ex9/ex9_top.v Line: 19
    Warning (12110): Net "BCD_4[4]" is missing source, defaulting to GND File: C:/Users/Rajan/Documents/Veri/part_2/ex9/ex9_top.v Line: 19
Warning (12241): 6 hierarchies have connectivity warnings - see the Connectivity Checks report folder
Warning (13024): Output pins are stuck at VCC or GND
    Warning (13410): Pin "HEX4[1]" is stuck at GND File: C:/Users/Rajan/Documents/Veri/part_2/ex9/ex9_top.v Line: 15
Info (286030): Timing-Driven Synthesis is running
Info (17049): 6 registers lost all their fanouts during netlist optimizations.
Info (144001): Generated suppressed messages file C:/Users/Rajan/Documents/Veri/part_2/ex9/output_files/ex9_top.map.smsg
Info (16010): Generating hard_block partition "hard_block:auto_generated_inst"
    Info (16011): Adding 0 node(s), including 0 DDIO, 0 PLL, 0 transceiver and 0 LCELL
Warning (21074): Design contains 2 input pin(s) that do not drive logic
    Warning (15610): No output dependent on input pin "KEY[1]" File: C:/Users/Rajan/Documents/Veri/part_2/ex9/ex9_top.v Line: 13
    Warning (15610): No output dependent on input pin "KEY[2]" File: C:/Users/Rajan/Documents/Veri/part_2/ex9/ex9_top.v Line: 13
Info (21057): Implemented 300 device resources after synthesis - the final resource count might be different
    Info (21058): Implemented 5 input pins
    Info (21059): Implemented 45 output pins
    Info (21061): Implemented 250 logic cells
Info: Quartus Prime Analysis & Synthesis was successful. 0 errors, 51 warnings
    Info: Peak virtual memory: 695 megabytes
    Info: Processing ended: Wed Dec 14 18:45:25 2016
    Info: Elapsed time: 00:00:15
    Info: Total CPU time (on all processors): 00:00:35


+------------------------------------------+
; Analysis & Synthesis Suppressed Messages ;
+------------------------------------------+
The suppressed messages can be found in C:/Users/Rajan/Documents/Veri/part_2/ex9/output_files/ex9_top.map.smsg.


